#
# A fatal error has been detected by the Java Runtime Environment:
#
#  EXCEPTION_ACCESS_VIOLATION (0xc0000005) at pc=0x0000000064e08c35, pid=7372, tid=4264
#
# JRE version: Java(TM) SE Runtime Environment (7.0_40-b43) (build 1.7.0_40-b43)
# Java VM: Java HotSpot(TM) 64-Bit Server VM (24.0-b56 mixed mode windows-amd64 compressed oops)
# Problematic frame:
# C  [awt.dll+0x88c35]
#
# Failed to write core dump. Minidumps are not enabled by default on client versions of Windows
#
# If you would like to submit a bug report, please visit:
#   http://bugreport.sun.com/bugreport/crash.jsp
# The crash happened outside the Java Virtual Machine in native code.
# See problematic frame for where to report the bug.
#

---------------  T H R E A D  ---------------

Current thread (0x000000000b739000):  JavaThread "AWT-Windows" daemon [_thread_in_native, id=4264, stack(0x000000000d730000,0x000000000d830000)]

siginfo: ExceptionCode=0xc0000005, reading address 0xffffffffffffffff

Registers:
RAX=0x5d529976ffffffff, RBX=0x0000000000000000, RCX=0x5d529976ffffffff, RDX=0x0000000064e6bbc8
RSP=0x000000000d82edc0, RBP=0x000000000d82ee79, RSI=0x0000000000000111, RDI=0x000000000b6f10b8
R8 =0x0000000000000000, R9 =0x0000000000000000, R10=0x0000000064e72668, R11=0x0000000000000001
R12=0x000000000b6f1030, R13=0x000000000000010d, R14=0x000000000000a220, R15=0x0000000000000000
RIP=0x0000000064e08c35, EFLAGS=0x0000000000010206

Top of Stack: (sp=0x000000000d82edc0)
0x000000000d82edc0:   0000000000000000 0000000000000000
0x000000000d82edd0:   fffffffffffffffe 000000077ce6c943
0x000000000d82ede0:   000000000b7391e8 0000000064e0b026
0x000000000d82edf0:   000000000b7391e8 0000000000000111
0x000000000d82ee00:   0000000000000000 000000000b6f10b8
0x000000000d82ee10:   000000000d82ee88 00000000033ffa4a
0x000000000d82ee20:   0000000781db9c28 0000000000000003
0x000000000d82ee30:   0000000000000000 0000000000000031
0x000000000d82ee40:   0000000000000000 0000000000000001
0x000000000d82ee50:   000000077ce6ca90 000000000b7391e8
0x000000000d82ee60:   fffffffffffffffe 000000000b6f10b8
0x000000000d82ee70:   000000077ce6cad8 0000000000000000
0x000000000d82ee80:   00009dfea4133a54 000000000d82ef08
0x000000000d82ee90:   00000000033e60f8 000000000000a220
0x000000000d82eea0:   0000000064e07408 00000000002206ec
0x000000000d82eeb0:   000000000000a220 000000000000a220 

Instructions: (pc=0x0000000064e08c35)
0x0000000064e08c15:   4d 85 c0 75 23 48 8d 0d 5f 21 0c 00 e8 9a 6f 02
0x0000000064e08c25:   00 48 8b c8 48 85 c0 75 07 b8 02 00 00 00 eb 29
0x0000000064e08c35:   48 8b 00 ff 50 10 eb f1 49 8b c8 e8 3b e7 ff ff
0x0000000064e08c45:   48 85 c0 74 0f 4c 8b 00 8b d3 48 8b c8 41 ff 90 


Register to memory mapping:

RAX=0x5d529976ffffffff is an unknown value
RBX=0x0000000000000000 is an unknown value
RCX=0x5d529976ffffffff is an unknown value
RDX=0x0000000064e6bbc8 is an unknown value
RSP=0x000000000d82edc0 is pointing into the stack for thread: 0x000000000b739000
RBP=0x000000000d82ee79 is pointing into the stack for thread: 0x000000000b739000
RSI=0x0000000000000111 is an unknown value
RDI=0x000000000b6f10b8 is an unknown value
R8 =0x0000000000000000 is an unknown value
R9 =0x0000000000000000 is an unknown value
R10=0x0000000064e72668 is an unknown value
R11=0x0000000000000001 is an unknown value
R12=0x000000000b6f1030 is an unknown value
R13=0x000000000000010d is an unknown value
R14=0x000000000000a220 is an unknown value
R15=0x0000000000000000 is an unknown value


Stack: [0x000000000d730000,0x000000000d830000],  sp=0x000000000d82edc0,  free space=1019k
Native frames: (J=compiled Java code, j=interpreted, Vv=VM code, C=native code)
C  [awt.dll+0x88c35]

Java frames: (J=compiled Java code, j=interpreted, Vv=VM code)
j  sun.awt.windows.WToolkit.eventLoop()V+0
j  sun.awt.windows.WToolkit.run()V+49
j  java.lang.Thread.run()V+11
v  ~StubRoutines::call_stub

---------------  P R O C E S S  ---------------

Java Threads: ( => current thread )
  0x000000000d173000 JavaThread "AWT-EventQueue-0" [_thread_in_native, id=7588, stack(0x000000000dc40000,0x000000000dd40000)]
=>0x000000000b739000 JavaThread "AWT-Windows" daemon [_thread_in_native, id=4264, stack(0x000000000d730000,0x000000000d830000)]
  0x000000000b738000 JavaThread "AWT-Shutdown" [_thread_blocked, id=6084, stack(0x000000000d630000,0x000000000d730000)]
  0x000000000b6f7800 JavaThread "Java2D Disposer" daemon [_thread_blocked, id=8116, stack(0x000000000d530000,0x000000000d630000)]
  0x000000000b6d0800 JavaThread "Service Thread" daemon [_thread_blocked, id=6588, stack(0x000000000ce30000,0x000000000cf30000)]
  0x000000000b6c9000 JavaThread "C2 CompilerThread1" daemon [_thread_blocked, id=6800, stack(0x000000000cd30000,0x000000000ce30000)]
  0x000000000b6c3000 JavaThread "C2 CompilerThread0" daemon [_thread_blocked, id=6928, stack(0x000000000cc30000,0x000000000cd30000)]
  0x000000000b6c2000 JavaThread "Attach Listener" daemon [_thread_blocked, id=8012, stack(0x000000000cb30000,0x000000000cc30000)]
  0x000000000b6be800 JavaThread "Signal Dispatcher" daemon [_thread_blocked, id=8072, stack(0x000000000ca30000,0x000000000cb30000)]
  0x000000000b68d000 JavaThread "Finalizer" daemon [_thread_blocked, id=7256, stack(0x000000000c930000,0x000000000ca30000)]
  0x000000000b682000 JavaThread "Reference Handler" daemon [_thread_blocked, id=7028, stack(0x000000000c830000,0x000000000c930000)]
  0x00000000032e0800 JavaThread "main" [_thread_in_Java, id=2268, stack(0x0000000003100000,0x0000000003200000)]

Other Threads:
  0x000000000b680800 VMThread [stack: 0x000000000c730000,0x000000000c830000] [id=7896]
  0x000000000b6e4000 WatcherThread [stack: 0x000000000cf30000,0x000000000d030000] [id=6528]

VM state:not at safepoint (normal execution)

VM Mutex/Monitor currently owned by a thread: None

Heap
 PSYoungGen      total 29696K, used 29234K [0x00000007d5e80000, 0x00000007db280000, 0x0000000800000000)
  eden space 29184K, 99% used [0x00000007d5e80000,0x00000007d7af4848,0x00000007d7b00000)
  from space 512K, 18% used [0x00000007db180000,0x00000007db198000,0x00000007db200000)
  to   space 512K, 0% used [0x00000007db200000,0x00000007db200000,0x00000007db280000)
 ParOldGen       total 86016K, used 8955K [0x0000000781c00000, 0x0000000787000000, 0x00000007d5e80000)
  object space 86016K, 10% used [0x0000000781c00000,0x00000007824beed8,0x0000000787000000)
 PSPermGen       total 21504K, used 9538K [0x000000077ca00000, 0x000000077df00000, 0x0000000781c00000)
  object space 21504K, 44% used [0x000000077ca00000,0x000000077d350a20,0x000000077df00000)

Card table byte_map: [0x00000000064a0000,0x00000000068c0000] byte_map_base: 0x00000000028bb000

Polling page: 0x0000000001230000

Code Cache  [0x00000000033e0000, 0x0000000003650000, 0x00000000063e0000)
 total_blobs=834 nmethods=424 adapters=362 free_code_cache=47546Kb largest_free_block=48634816

Compilation events (10 events):
Event: 25.453 Thread 0x000000000b6c9000 nmethod 422 0x0000000003561650 code [0x0000000003561800, 0x0000000003561d90]
Event: 25.453 Thread 0x000000000b6c9000  423             javax.swing.SwingUtilities::layoutCompoundLabelImpl (758 bytes)
Event: 25.463 Thread 0x000000000b6c9000 nmethod 423 0x000000000346d010 code [0x000000000346d1c0, 0x000000000346d890]
Event: 25.463 Thread 0x000000000b6c9000  424             sun.awt.image.SunVolatileImage::getFont (43 bytes)
Event: 25.465 Thread 0x000000000b6c9000 nmethod 424 0x000000000346cc90 code [0x000000000346cde0, 0x000000000346cf38]
Event: 25.465 Thread 0x000000000b6c9000  425   !         sun.awt.image.VolatileSurfaceManager::validate (204 bytes)
Event: 25.466 Thread 0x000000000b6c9000 nmethod 425 0x000000000346c990 code [0x000000000346cae0, 0x000000000346cba8]
Event: 25.466 Thread 0x000000000b6c9000  426   !         java.awt.Font::equals (132 bytes)
Event: 25.469 Thread 0x000000000b6c9000 nmethod 426 0x000000000355c610 code [0x000000000355c760, 0x000000000355c9b8]
Event: 25.499 Thread 0x000000000b6c3000 nmethod 421 0x0000000003579c90 code [0x000000000357a040, 0x000000000357b7f0]

GC Heap History (10 events):
Event: 26.312 GC heap before
{Heap before GC invocations=61 (full 0):
 PSYoungGen      total 32256K, used 31840K [0x00000007d5e80000, 0x00000007db280000, 0x0000000800000000)
  eden space 31744K, 100% used [0x00000007d5e80000,0x00000007d7d80000,0x00000007d7d80000)
  from space 512K, 18% used [0x00000007db200000,0x00000007db218000,0x00000007db280000)
  to   space 512K, 0% used [0x00000007db180000,0x00000007db180000,0x00000007db200000)
 ParOldGen       total 86016K, used 8919K [0x0000000781c00000, 0x0000000787000000, 0x00000007d5e80000)
  object space 86016K, 10% used [0x0000000781c00000,0x00000007824b5d58,0x0000000787000000)
 PSPermGen       total 21504K, used 9538K [0x000000077ca00000, 0x000000077df00000, 0x0000000781c00000)
  object space 21504K, 44% used [0x000000077ca00000,0x000000077d350a20,0x000000077df00000)
Event: 26.313 GC heap after
Heap after GC invocations=61 (full 0):
 PSYoungGen      total 31744K, used 64K [0x00000007d5e80000, 0x00000007db280000, 0x0000000800000000)
  eden space 31232K, 0% used [0x00000007d5e80000,0x00000007d5e80000,0x00000007d7d00000)
  from space 512K, 12% used [0x00000007db180000,0x00000007db190000,0x00000007db200000)
  to   space 512K, 0% used [0x00000007db200000,0x00000007db200000,0x00000007db280000)
 ParOldGen       total 86016K, used 8919K [0x0000000781c00000, 0x0000000787000000, 0x00000007d5e80000)
  object space 86016K, 10% used [0x0000000781c00000,0x00000007824b5d58,0x0000000787000000)
 PSPermGen       total 21504K, used 9538K [0x000000077ca00000, 0x000000077df00000, 0x0000000781c00000)
  object space 21504K, 44% used [0x000000077ca00000,0x000000077d350a20,0x000000077df00000)
}
Event: 26.515 GC heap before
{Heap before GC invocations=62 (full 0):
 PSYoungGen      total 31744K, used 31296K [0x00000007d5e80000, 0x00000007db280000, 0x0000000800000000)
  eden space 31232K, 100% used [0x00000007d5e80000,0x00000007d7d00000,0x00000007d7d00000)
  from space 512K, 12% used [0x00000007db180000,0x00000007db190000,0x00000007db200000)
  to   space 512K, 0% used [0x00000007db200000,0x00000007db200000,0x00000007db280000)
 ParOldGen       total 86016K, used 8921K [0x0000000781c00000, 0x0000000787000000, 0x00000007d5e80000)
  object space 86016K, 10% used [0x0000000781c00000,0x00000007824b65a0,0x0000000787000000)
 PSPermGen       total 21504K, used 9538K [0x000000077ca00000, 0x000000077df00000, 0x0000000781c00000)
  object space 21504K, 44% used [0x000000077ca00000,0x000000077d350a20,0x000000077df00000)
Event: 26.516 GC heap after
Heap after GC invocations=62 (full 0):
 PSYoungGen      total 31232K, used 96K [0x00000007d5e80000, 0x00000007db280000, 0x0000000800000000)
  eden space 30720K, 0% used [0x00000007d5e80000,0x00000007d5e80000,0x00000007d7c80000)
  from space 512K, 18% used [0x00000007db200000,0x00000007db218000,0x00000007db280000)
  to   space 512K, 0% used [0x00000007db180000,0x00000007db180000,0x00000007db200000)
 ParOldGen       total 86016K, used 8929K [0x0000000781c00000, 0x0000000787000000, 0x00000007d5e80000)
  object space 86016K, 10% used [0x0000000781c00000,0x00000007824b85a0,0x0000000787000000)
 PSPermGen       total 21504K, used 9538K [0x000000077ca00000, 0x000000077df00000, 0x0000000781c00000)
  object space 21504K, 44% used [0x000000077ca00000,0x000000077d350a20,0x000000077df00000)
}
Event: 26.716 GC heap before
{Heap before GC invocations=63 (full 0):
 PSYoungGen      total 31232K, used 30816K [0x00000007d5e80000, 0x00000007db280000, 0x0000000800000000)
  eden space 30720K, 100% used [0x00000007d5e80000,0x00000007d7c80000,0x00000007d7c80000)
  from space 512K, 18% used [0x00000007db200000,0x00000007db218000,0x00000007db280000)
  to   space 512K, 0% used [0x00000007db180000,0x00000007db180000,0x00000007db200000)
 ParOldGen       total 86016K, used 8931K [0x0000000781c00000, 0x0000000787000000, 0x00000007d5e80000)
  object space 86016K, 10% used [0x0000000781c00000,0x00000007824b8ec0,0x0000000787000000)
 PSPermGen       total 21504K, used 9538K [0x000000077ca00000, 0x000000077df00000, 0x0000000781c00000)
  object space 21504K, 44% used [0x000000077ca00000,0x000000077d350a20,0x000000077df00000)
Event: 26.717 GC heap after
Heap after GC invocations=63 (full 0):
 PSYoungGen      total 30720K, used 96K [0x00000007d5e80000, 0x00000007db280000, 0x0000000800000000)
  eden space 30208K, 0% used [0x00000007d5e80000,0x00000007d5e80000,0x00000007d7c00000)
  from space 512K, 18% used [0x00000007db180000,0x00000007db198000,0x00000007db200000)
  to   space 512K, 0% used [0x00000007db200000,0x00000007db200000,0x00000007db280000)
 ParOldGen       total 86016K, used 8947K [0x0000000781c00000, 0x0000000787000000, 0x00000007d5e80000)
  object space 86016K, 10% used [0x0000000781c00000,0x00000007824bcec0,0x0000000787000000)
 PSPermGen       total 21504K, used 9538K [0x000000077ca00000, 0x000000077df00000, 0x0000000781c00000)
  object space 21504K, 44% used [0x000000077ca00000,0x000000077d350a20,0x000000077df00000)
}
Event: 26.910 GC heap before
{Heap before GC invocations=64 (full 0):
 PSYoungGen      total 30720K, used 30304K [0x00000007d5e80000, 0x00000007db280000, 0x0000000800000000)
  eden space 30208K, 100% used [0x00000007d5e80000,0x00000007d7c00000,0x00000007d7c00000)
  from space 512K, 18% used [0x00000007db180000,0x00000007db198000,0x00000007db200000)
  to   space 512K, 0% used [0x00000007db200000,0x00000007db200000,0x00000007db280000)
 ParOldGen       total 86016K, used 8947K [0x0000000781c00000, 0x0000000787000000, 0x00000007d5e80000)
  object space 86016K, 10% used [0x0000000781c00000,0x00000007824bcec0,0x0000000787000000)
 PSPermGen       total 21504K, used 9538K [0x000000077ca00000, 0x000000077df00000, 0x0000000781c00000)
  object space 21504K, 44% used [0x000000077ca00000,0x000000077d350a20,0x000000077df00000)
Event: 26.911 GC heap after
Heap after GC invocations=64 (full 0):
 PSYoungGen      total 30208K, used 96K [0x00000007d5e80000, 0x00000007db280000, 0x0000000800000000)
  eden space 29696K, 0% used [0x00000007d5e80000,0x00000007d5e80000,0x00000007d7b80000)
  from space 512K, 18% used [0x00000007db200000,0x00000007db218000,0x00000007db280000)
  to   space 512K, 0% used [0x00000007db180000,0x00000007db180000,0x00000007db200000)
 ParOldGen       total 86016K, used 8955K [0x0000000781c00000, 0x0000000787000000, 0x00000007d5e80000)
  object space 86016K, 10% used [0x0000000781c00000,0x00000007824beec0,0x0000000787000000)
 PSPermGen       total 21504K, used 9538K [0x000000077ca00000, 0x000000077df00000, 0x0000000781c00000)
  object space 21504K, 44% used [0x000000077ca00000,0x000000077d350a20,0x000000077df00000)
}
Event: 27.099 GC heap before
{Heap before GC invocations=65 (full 0):
 PSYoungGen      total 30208K, used 29792K [0x00000007d5e80000, 0x00000007db280000, 0x0000000800000000)
  eden space 29696K, 100% used [0x00000007d5e80000,0x00000007d7b80000,0x00000007d7b80000)
  from space 512K, 18% used [0x00000007db200000,0x00000007db218000,0x00000007db280000)
  to   space 512K, 0% used [0x00000007db180000,0x00000007db180000,0x00000007db200000)
 ParOldGen       total 86016K, used 8955K [0x0000000781c00000, 0x0000000787000000, 0x00000007d5e80000)
  object space 86016K, 10% used [0x0000000781c00000,0x00000007824beed8,0x0000000787000000)
 PSPermGen       total 21504K, used 9538K [0x000000077ca00000, 0x000000077df00000, 0x0000000781c00000)
  object space 21504K, 44% used [0x000000077ca00000,0x000000077d350a20,0x000000077df00000)
Event: 27.099 GC heap after
Heap after GC invocations=65 (full 0):
 PSYoungGen      total 29696K, used 96K [0x00000007d5e80000, 0x00000007db280000, 0x0000000800000000)
  eden space 29184K, 0% used [0x00000007d5e80000,0x00000007d5e80000,0x00000007d7b00000)
  from space 512K, 18% used [0x00000007db180000,0x00000007db198000,0x00000007db200000)
  to   space 512K, 0% used [0x00000007db200000,0x00000007db200000,0x00000007db280000)
 ParOldGen       total 86016K, used 8955K [0x0000000781c00000, 0x0000000787000000, 0x00000007d5e80000)
  object space 86016K, 10% used [0x0000000781c00000,0x00000007824beed8,0x0000000787000000)
 PSPermGen       total 21504K, used 9538K [0x000000077ca00000, 0x000000077df00000, 0x0000000781c00000)
  object space 21504K, 44% used [0x000000077ca00000,0x000000077d350a20,0x000000077df00000)
}

Deoptimization events (10 events):
Event: 24.146 Thread 0x000000000d173000 Uncommon trap: reason=class_check action=maybe_recompile pc=0x0000000003516040 method=javax.swing.JComponent.paintBorder(Ljava/awt/Graphics;)V @ 22
Event: 24.146 Thread 0x000000000d173000 Uncommon trap: reason=class_check action=maybe_recompile pc=0x00000000035045a0 method=javax.swing.JComponent.getInsets()Ljava/awt/Insets; @ 12
Event: 24.146 Thread 0x000000000d173000 Uncommon trap: reason=class_check action=maybe_recompile pc=0x00000000034eb8b4 method=sun.java2d.SurfaceData.validatePipe(Lsun/java2d/SunGraphics2D;)V @ 771
Event: 24.146 Thread 0x000000000d173000 Uncommon trap: reason=class_check action=maybe_recompile pc=0x0000000003516040 method=javax.swing.JComponent.paintBorder(Ljava/awt/Graphics;)V @ 22
Event: 24.146 Thread 0x000000000d173000 Uncommon trap: reason=class_check action=maybe_recompile pc=0x00000000035045a0 method=javax.swing.JComponent.getInsets()Ljava/awt/Insets; @ 12
Event: 24.146 Thread 0x000000000d173000 Uncommon trap: reason=class_check action=maybe_recompile pc=0x0000000003516040 method=javax.swing.JComponent.paintBorder(Ljava/awt/Graphics;)V @ 22
Event: 24.146 Thread 0x000000000d173000 Uncommon trap: reason=class_check action=maybe_recompile pc=0x00000000035045a0 method=javax.swing.JComponent.getInsets()Ljava/awt/Insets; @ 12
Event: 24.147 Thread 0x000000000d173000 Uncommon trap: reason=class_check action=maybe_recompile pc=0x0000000003516040 method=javax.swing.JComponent.paintBorder(Ljava/awt/Graphics;)V @ 22
Event: 24.147 Thread 0x000000000d173000 Uncommon trap: reason=unreached action=reinterpret pc=0x000000000354c340 method=java.util.concurrent.locks.AbstractQueuedSynchronizer.release(I)Z @ 14
Event: 24.149 Thread 0x000000000d173000 Uncommon trap: reason=class_check action=maybe_recompile pc=0x00000000035064ac method=javax.swing.RepaintManager.updateWindows(Ljava/util/Map;)V @ 64

Internal exceptions (10 events):
Event: 3.337 Thread 0x000000000d173000 Implicit null exception at 0x0000000003511af4 to 0x0000000003511db1
Event: 3.337 Thread 0x000000000d173000 Implicit null exception at 0x0000000003508bff to 0x0000000003508e95
Event: 24.013 Thread 0x000000000d173000 Implicit null exception at 0x00000000034ec590 to 0x00000000034eca2d
Event: 24.013 Thread 0x000000000d173000 Implicit null exception at 0x000000000350fc0e to 0x000000000350fc5d
Event: 24.137 Thread 0x000000000d173000 Implicit null exception at 0x000000000353bcc2 to 0x000000000353ede1
Event: 24.139 Thread 0x000000000d173000 Implicit null exception at 0x0000000003532e15 to 0x000000000353313d
Event: 24.139 Thread 0x000000000d173000 Implicit null exception at 0x00000000035189fd to 0x0000000003518ce5
Event: 24.142 Thread 0x000000000d173000 Implicit null exception at 0x0000000003517a60 to 0x0000000003517f9d
Event: 24.144 Thread 0x000000000d173000 Implicit null exception at 0x00000000034c1e23 to 0x00000000034c2271
Event: 24.147 Thread 0x000000000d173000 Implicit null exception at 0x000000000354c2d3 to 0x000000000354c332

Events (10 events):
Event: 26.515 Executing VM operation: ParallelGCSystemGC
Event: 26.516 Executing VM operation: ParallelGCSystemGC done
Event: 26.716 Executing VM operation: ParallelGCFailedAllocation
Event: 26.717 Executing VM operation: ParallelGCFailedAllocation done
Event: 26.910 Executing VM operation: ParallelGCFailedAllocation
Event: 26.911 Executing VM operation: ParallelGCFailedAllocation done
Event: 27.099 Executing VM operation: ParallelGCFailedAllocation
Event: 27.099 Executing VM operation: ParallelGCFailedAllocation done
Event: 27.099 Executing VM operation: ParallelGCSystemGC
Event: 27.099 Executing VM operation: ParallelGCSystemGC done


Dynamic libraries:
0x00007ff733620000 - 0x00007ff733653000 	C:\Program Files\Java\jdk1.7.0_40\bin\java.exe
0x00007ff88bde0000 - 0x00007ff88bf8a000 	C:\WINDOWS\SYSTEM32\ntdll.dll
0x00007ff88a230000 - 0x00007ff88a36a000 	C:\WINDOWS\system32\KERNEL32.DLL
0x00007ff888450000 - 0x00007ff88855f000 	C:\WINDOWS\system32\KERNELBASE.dll
0x00007ff886d90000 - 0x00007ff886e18000 	C:\WINDOWS\system32\apphelp.dll
0x00007ff870fe0000 - 0x00007ff87102f000 	C:\WINDOWS\AppPatch\AppPatch64\AcGenral.DLL
0x00007ff88a4c0000 - 0x00007ff88a567000 	C:\WINDOWS\system32\msvcrt.dll
0x00007ff887fa0000 - 0x00007ff887fcb000 	C:\WINDOWS\SYSTEM32\SspiCli.dll
0x00007ff8886b0000 - 0x00007ff888701000 	C:\WINDOWS\system32\SHLWAPI.dll
0x00007ff88a0b0000 - 0x00007ff88a221000 	C:\WINDOWS\system32\USER32.dll
0x00007ff88aa30000 - 0x00007ff88aba8000 	C:\WINDOWS\system32\ole32.dll
0x00007ff8887c0000 - 0x00007ff889be0000 	C:\WINDOWS\system32\SHELL32.dll
0x00007ff8877d0000 - 0x00007ff8877ee000 	C:\WINDOWS\SYSTEM32\USERENV.dll
0x00007ff888710000 - 0x00007ff8887b5000 	C:\WINDOWS\system32\ADVAPI32.dll
0x00007ff876670000 - 0x00007ff87668b000 	C:\WINDOWS\SYSTEM32\MPR.dll
0x00007ff889c40000 - 0x00007ff889d76000 	C:\WINDOWS\system32\RPCRT4.dll
0x00007ff889d80000 - 0x00007ff889dd7000 	C:\WINDOWS\SYSTEM32\sechost.dll
0x00007ff88a6b0000 - 0x00007ff88a886000 	C:\WINDOWS\SYSTEM32\combase.dll
0x00007ff88a8e0000 - 0x00007ff88aa24000 	C:\WINDOWS\system32\GDI32.dll
0x00007ff8881a0000 - 0x00007ff8881b4000 	C:\WINDOWS\SYSTEM32\profapi.dll
0x00007ff886cd0000 - 0x00007ff886d6f000 	C:\WINDOWS\SYSTEM32\SHCORE.dll
0x00007ff88a890000 - 0x00007ff88a8c4000 	C:\WINDOWS\system32\IMM32.DLL
0x00007ff88a570000 - 0x00007ff88a6a9000 	C:\WINDOWS\system32\MSCTF.dll
0x00007ff888150000 - 0x00007ff888182000 	C:\Windows\system32\nvinitx.dll
0x000000000f000000 - 0x000000000f006000 	C:\Program Files\NVIDIA Corporation\CoProcManager\_etoured.dll
0x00007ff886760000 - 0x00007ff886793000 	C:\Program Files\NVIDIA Corporation\CoProcManager\nvd3d9wrapx.dll
0x00007ff889de0000 - 0x00007ff889fb4000 	C:\WINDOWS\system32\SETUPAPI.dll
0x00007ff888560000 - 0x00007ff8885aa000 	C:\WINDOWS\system32\CFGMGR32.dll
0x00007ff886730000 - 0x00007ff886753000 	C:\Program Files\NVIDIA Corporation\CoProcManager\nvdxgiwrapx.dll
0x00007ff885b40000 - 0x00007ff885d9a000 	C:\WINDOWS\WinSxS\amd64_microsoft.windows.common-controls_6595b64144ccf1df_6.0.9600.17031_none_6242a4b3ecbb55a1\COMCTL32.dll
0x0000000065000000 - 0x00000000650d1000 	C:\Program Files\Java\jdk1.7.0_40\jre\bin\msvcr100.dll
0x00000000650e0000 - 0x00000000658a9000 	C:\Program Files\Java\jdk1.7.0_40\jre\bin\server\jvm.dll
0x00007ff881890000 - 0x00007ff881899000 	C:\WINDOWS\SYSTEM32\WSOCK32.dll
0x00007ff885a80000 - 0x00007ff885a9f000 	C:\WINDOWS\SYSTEM32\WINMM.dll
0x00007ff88ac80000 - 0x00007ff88ac87000 	C:\WINDOWS\system32\PSAPI.DLL
0x00007ff88abb0000 - 0x00007ff88ac08000 	C:\WINDOWS\system32\WS2_32.dll
0x00007ff8857f0000 - 0x00007ff88581a000 	C:\WINDOWS\SYSTEM32\WINMMBASE.dll
0x00007ff889fc0000 - 0x00007ff889fc9000 	C:\WINDOWS\system32\NSI.dll
0x00007ff886ff0000 - 0x00007ff887016000 	C:\WINDOWS\SYSTEM32\DEVOBJ.dll
0x0000000064fb0000 - 0x0000000064fbf000 	C:\Program Files\Java\jdk1.7.0_40\jre\bin\verify.dll
0x0000000064f80000 - 0x0000000064fa8000 	C:\Program Files\Java\jdk1.7.0_40\jre\bin\java.dll
0x0000000064f60000 - 0x0000000064f75000 	C:\Program Files\Java\jdk1.7.0_40\jre\bin\zip.dll
0x0000000064d80000 - 0x0000000064f15000 	C:\Program Files\Java\jdk1.7.0_40\jre\bin\awt.dll
0x00007ff889fd0000 - 0x00007ff88a087000 	C:\WINDOWS\system32\OLEAUT32.dll
0x00007ff8863a0000 - 0x00007ff8863c0000 	C:\WINDOWS\system32\DWMAPI.DLL
0x00007ff886ec0000 - 0x00007ff886fe1000 	C:\WINDOWS\system32\uxtheme.dll
0x00007ff86b5f0000 - 0x00007ff86b610000 	D:\Programas\TeamViewer\tv_x64.dll
0x00007ff885aa0000 - 0x00007ff885aaa000 	C:\WINDOWS\SYSTEM32\VERSION.dll
0x00007ff886e20000 - 0x00007ff886e2a000 	C:\WINDOWS\SYSTEM32\kernel.appcore.dll
0x00007ff888030000 - 0x00007ff88803a000 	C:\WINDOWS\SYSTEM32\CRYPTBASE.dll
0x00007ff887fd0000 - 0x00007ff888030000 	C:\WINDOWS\SYSTEM32\bcryptPrimitives.dll
0x0000000064d40000 - 0x0000000064d7f000 	C:\Program Files\Java\jdk1.7.0_40\jre\bin\fontmanager.dll
0x0000000064f40000 - 0x0000000064f59000 	C:\Program Files\Java\jdk1.7.0_40\jre\bin\net.dll
0x00007ff887a20000 - 0x00007ff887a78000 	C:\WINDOWS\system32\mswsock.dll
0x0000000064f20000 - 0x0000000064f31000 	C:\Program Files\Java\jdk1.7.0_40\jre\bin\nio.dll
0x0000000064cf0000 - 0x0000000064d31000 	C:\Program Files\Java\jdk1.7.0_40\jre\bin\t2k.dll
0x00007ff88a410000 - 0x00007ff88a4b4000 	C:\WINDOWS\SYSTEM32\clbcatq.dll
0x00007ff876750000 - 0x00007ff8768d8000 	C:\WINDOWS\SYSTEM32\dbghelp.dll

VM Arguments:
jvm_args: -Dfile.encoding=UTF-8 
java_command: Application.Application
Launcher Type: SUN_STANDARD

Environment Variables:
PATH=C:\Program Files (x86)\NVIDIA Corporation\PhysX\Common;C:\Program Files (x86)\Intel\iCLS Client\;C:\Program Files\Intel\iCLS Client\;C:\WINDOWS\system32;C:\WINDOWS;C:\WINDOWS\System32\Wbem;C:\WINDOWS\System32\WindowsPowerShell\v1.0\;C:\Program Files (x86)\Windows Live\Shared;C:\Program Files (x86)\Intel\OpenCL SDK\2.0\bin\x86;C:\Program Files (x86)\Intel\OpenCL SDK\2.0\bin\x64;C:\Program Files\Intel\Intel(R) Management Engine Components\DAL;C:\Program Files\Intel\Intel(R) Management Engine Components\IPT;C:\Program Files (x86)\Intel\Intel(R) Management Engine Components\DAL;C:\Program Files (x86)\Intel\Intel(R) Management Engine Components\IPT;C:\Program Files\Diskeeper Corporation\ExpressCache\
USERNAME=Carlos
OS=Windows_NT
PROCESSOR_IDENTIFIER=Intel64 Family 6 Model 58 Stepping 9, GenuineIntel



---------------  S Y S T E M  ---------------

OS: Windows 8 , 64 bit Build 9200 

CPU:total 4 (2 cores per cpu, 2 threads per core) family 6 model 58 stepping 9, cmov, cx8, fxsr, mmx, sse, sse2, sse3, ssse3, sse4.1, sse4.2, popcnt, avx, aes, erms, ht, tsc, tscinvbit, tscinv

Memory: 4k page, physical 8271376k(3425976k free), swap 9582096k(3945628k free)

vm_info: Java HotSpot(TM) 64-Bit Server VM (24.0-b56) for windows-amd64 JRE (1.7.0_40-b43), built on Aug 26 2013 22:38:32 by "java_re" with unknown MS VC++:1600

time: Sat Jul 12 17:48:00 2014
elapsed time: 27 seconds

